<?xml version="1.0" encoding="UTF-8"?>
<testsuite xmlns:xsi="http://www.w3.org/2001/XMLSchema-instance" xsi:noNamespaceSchemaLocation="https://maven.apache.org/surefire/maven-surefire-plugin/xsd/surefire-test-report.xsd" name="com.site.blog.my.core.MyBlogApplicationTests" time="5.65" tests="1" errors="0" skipped="0" failures="0">
  <properties>
    <property name="sun.desktop" value="windows"/>
    <property name="awt.toolkit" value="sun.awt.windows.WToolkit"/>
    <property name="file.encoding.pkg" value="sun.io"/>
    <property name="java.specification.version" value="1.8"/>
    <property name="sun.cpu.isalist" value="amd64"/>
    <property name="sun.jnu.encoding" value="GBK"/>
    <property name="java.class.path" value="E:\GIT\My-Blog-master\target\test-classes;E:\GIT\My-Blog-master\target\classes;F:\MavenRep\org\springframework\boot\spring-boot-starter-thymeleaf\2.1.0.RELEASE\spring-boot-starter-thymeleaf-2.1.0.RELEASE.jar;F:\MavenRep\org\springframework\boot\spring-boot-starter\2.1.0.RELEASE\spring-boot-starter-2.1.0.RELEASE.jar;F:\MavenRep\org\springframework\boot\spring-boot\2.1.0.RELEASE\spring-boot-2.1.0.RELEASE.jar;F:\MavenRep\org\springframework\boot\spring-boot-autoconfigure\2.1.0.RELEASE\spring-boot-autoconfigure-2.1.0.RELEASE.jar;F:\MavenRep\org\springframework\boot\spring-boot-starter-logging\2.1.0.RELEASE\spring-boot-starter-logging-2.1.0.RELEASE.jar;F:\MavenRep\ch\qos\logback\logback-classic\1.2.3\logback-classic-1.2.3.jar;F:\MavenRep\ch\qos\logback\logback-core\1.2.3\logback-core-1.2.3.jar;F:\MavenRep\org\apache\logging\log4j\log4j-to-slf4j\2.11.1\log4j-to-slf4j-2.11.1.jar;F:\MavenRep\org\apache\logging\log4j\log4j-api\2.11.1\log4j-api-2.11.1.jar;F:\MavenRep\org\slf4j\jul-to-slf4j\1.7.25\jul-to-slf4j-1.7.25.jar;F:\MavenRep\javax\annotation\javax.annotation-api\1.3.2\javax.annotation-api-1.3.2.jar;F:\MavenRep\org\yaml\snakeyaml\1.23\snakeyaml-1.23.jar;F:\MavenRep\org\thymeleaf\thymeleaf-spring5\3.0.11.RELEASE\thymeleaf-spring5-3.0.11.RELEASE.jar;F:\MavenRep\org\thymeleaf\thymeleaf\3.0.11.RELEASE\thymeleaf-3.0.11.RELEASE.jar;F:\MavenRep\org\attoparser\attoparser\2.0.5.RELEASE\attoparser-2.0.5.RELEASE.jar;F:\MavenRep\org\unbescape\unbescape\1.1.6.RELEASE\unbescape-1.1.6.RELEASE.jar;F:\MavenRep\org\slf4j\slf4j-api\1.7.25\slf4j-api-1.7.25.jar;F:\MavenRep\org\thymeleaf\extras\thymeleaf-extras-java8time\3.0.1.RELEASE\thymeleaf-extras-java8time-3.0.1.RELEASE.jar;F:\MavenRep\org\springframework\boot\spring-boot-starter-web\2.1.0.RELEASE\spring-boot-starter-web-2.1.0.RELEASE.jar;F:\MavenRep\org\springframework\boot\spring-boot-starter-json\2.1.0.RELEASE\spring-boot-starter-json-2.1.0.RELEASE.jar;F:\MavenRep\com\fasterxml\jackson\core\jackson-databind\2.9.7\jackson-databind-2.9.7.jar;F:\MavenRep\com\fasterxml\jackson\core\jackson-annotations\2.9.0\jackson-annotations-2.9.0.jar;F:\MavenRep\com\fasterxml\jackson\core\jackson-core\2.9.7\jackson-core-2.9.7.jar;F:\MavenRep\com\fasterxml\jackson\datatype\jackson-datatype-jdk8\2.9.7\jackson-datatype-jdk8-2.9.7.jar;F:\MavenRep\com\fasterxml\jackson\datatype\jackson-datatype-jsr310\2.9.7\jackson-datatype-jsr310-2.9.7.jar;F:\MavenRep\com\fasterxml\jackson\module\jackson-module-parameter-names\2.9.7\jackson-module-parameter-names-2.9.7.jar;F:\MavenRep\org\springframework\boot\spring-boot-starter-tomcat\2.1.0.RELEASE\spring-boot-starter-tomcat-2.1.0.RELEASE.jar;F:\MavenRep\org\apache\tomcat\embed\tomcat-embed-core\9.0.12\tomcat-embed-core-9.0.12.jar;F:\MavenRep\org\apache\tomcat\embed\tomcat-embed-el\9.0.12\tomcat-embed-el-9.0.12.jar;F:\MavenRep\org\apache\tomcat\embed\tomcat-embed-websocket\9.0.12\tomcat-embed-websocket-9.0.12.jar;F:\MavenRep\org\hibernate\validator\hibernate-validator\6.0.13.Final\hibernate-validator-6.0.13.Final.jar;F:\MavenRep\javax\validation\validation-api\2.0.1.Final\validation-api-2.0.1.Final.jar;F:\MavenRep\org\jboss\logging\jboss-logging\3.3.2.Final\jboss-logging-3.3.2.Final.jar;F:\MavenRep\com\fasterxml\classmate\1.4.0\classmate-1.4.0.jar;F:\MavenRep\org\springframework\spring-web\5.1.2.RELEASE\spring-web-5.1.2.RELEASE.jar;F:\MavenRep\org\springframework\spring-beans\5.1.2.RELEASE\spring-beans-5.1.2.RELEASE.jar;F:\MavenRep\org\springframework\spring-webmvc\5.1.2.RELEASE\spring-webmvc-5.1.2.RELEASE.jar;F:\MavenRep\org\springframework\spring-aop\5.1.2.RELEASE\spring-aop-5.1.2.RELEASE.jar;F:\MavenRep\org\springframework\spring-context\5.1.2.RELEASE\spring-context-5.1.2.RELEASE.jar;F:\MavenRep\org\springframework\spring-expression\5.1.2.RELEASE\spring-expression-5.1.2.RELEASE.jar;F:\MavenRep\org\springframework\session\spring-session-core\2.1.1.RELEASE\spring-session-core-2.1.1.RELEASE.jar;F:\MavenRep\org\springframework\spring-jcl\5.1.2.RELEASE\spring-jcl-5.1.2.RELEASE.jar;F:\MavenRep\org\mybatis\spring\boot\mybatis-spring-boot-starter\1.3.2\mybatis-spring-boot-starter-1.3.2.jar;F:\MavenRep\org\springframework\boot\spring-boot-starter-jdbc\2.1.0.RELEASE\spring-boot-starter-jdbc-2.1.0.RELEASE.jar;F:\MavenRep\com\zaxxer\HikariCP\3.2.0\HikariCP-3.2.0.jar;F:\MavenRep\org\springframework\spring-jdbc\5.1.2.RELEASE\spring-jdbc-5.1.2.RELEASE.jar;F:\MavenRep\org\springframework\spring-tx\5.1.2.RELEASE\spring-tx-5.1.2.RELEASE.jar;F:\MavenRep\org\mybatis\spring\boot\mybatis-spring-boot-autoconfigure\1.3.2\mybatis-spring-boot-autoconfigure-1.3.2.jar;F:\MavenRep\org\mybatis\mybatis\3.4.6\mybatis-3.4.6.jar;F:\MavenRep\org\mybatis\mybatis-spring\1.3.2\mybatis-spring-1.3.2.jar;F:\MavenRep\com\github\penggle\kaptcha\2.3.2\kaptcha-2.3.2.jar;F:\MavenRep\javax\servlet\javax.servlet-api\4.0.1\javax.servlet-api-4.0.1.jar;F:\MavenRep\com\jhlabs\filters\2.0.235-1\filters-2.0.235-1.jar;F:\MavenRep\com\atlassian\commonmark\commonmark\0.8.0\commonmark-0.8.0.jar;F:\MavenRep\com\atlassian\commonmark\commonmark-ext-gfm-tables\0.8.0\commonmark-ext-gfm-tables-0.8.0.jar;F:\MavenRep\mysql\mysql-connector-java\8.0.13\mysql-connector-java-8.0.13.jar;F:\MavenRep\org\springframework\boot\spring-boot-starter-test\2.1.0.RELEASE\spring-boot-starter-test-2.1.0.RELEASE.jar;F:\MavenRep\org\springframework\boot\spring-boot-test\2.1.0.RELEASE\spring-boot-test-2.1.0.RELEASE.jar;F:\MavenRep\org\springframework\boot\spring-boot-test-autoconfigure\2.1.0.RELEASE\spring-boot-test-autoconfigure-2.1.0.RELEASE.jar;F:\MavenRep\com\jayway\jsonpath\json-path\2.4.0\json-path-2.4.0.jar;F:\MavenRep\net\minidev\json-smart\2.3\json-smart-2.3.jar;F:\MavenRep\net\minidev\accessors-smart\1.2\accessors-smart-1.2.jar;F:\MavenRep\org\ow2\asm\asm\5.0.4\asm-5.0.4.jar;F:\MavenRep\junit\junit\4.12\junit-4.12.jar;F:\MavenRep\org\assertj\assertj-core\3.11.1\assertj-core-3.11.1.jar;F:\MavenRep\org\mockito\mockito-core\2.23.0\mockito-core-2.23.0.jar;F:\MavenRep\net\bytebuddy\byte-buddy\1.9.3\byte-buddy-1.9.3.jar;F:\MavenRep\net\bytebuddy\byte-buddy-agent\1.9.3\byte-buddy-agent-1.9.3.jar;F:\MavenRep\org\objenesis\objenesis\2.6\objenesis-2.6.jar;F:\MavenRep\org\hamcrest\hamcrest-core\1.3\hamcrest-core-1.3.jar;F:\MavenRep\org\hamcrest\hamcrest-library\1.3\hamcrest-library-1.3.jar;F:\MavenRep\org\skyscreamer\jsonassert\1.5.0\jsonassert-1.5.0.jar;F:\MavenRep\com\vaadin\external\google\android-json\0.0.20131108.vaadin1\android-json-0.0.20131108.vaadin1.jar;F:\MavenRep\org\springframework\spring-core\5.1.2.RELEASE\spring-core-5.1.2.RELEASE.jar;F:\MavenRep\org\springframework\spring-test\5.1.2.RELEASE\spring-test-5.1.2.RELEASE.jar;F:\MavenRep\org\xmlunit\xmlunit-core\2.6.2\xmlunit-core-2.6.2.jar;F:\MavenRep\org\junit\jupiter\junit-jupiter-api\5.5.0\junit-jupiter-api-5.5.0.jar;F:\MavenRep\org\apiguardian\apiguardian-api\1.1.0\apiguardian-api-1.1.0.jar;F:\MavenRep\org\opentest4j\opentest4j\1.2.0\opentest4j-1.2.0.jar;F:\MavenRep\org\junit\platform\junit-platform-commons\1.3.1\junit-platform-commons-1.3.1.jar;"/>
    <property name="java.vm.vendor" value="Oracle Corporation"/>
    <property name="sun.arch.data.model" value="64"/>
    <property name="user.variant" value=""/>
    <property name="java.vendor.url" value="http://java.oracle.com/"/>
    <property name="user.timezone" value="Asia/Shanghai"/>
    <property name="java.vm.specification.version" value="1.8"/>
    <property name="os.name" value="Windows 10"/>
    <property name="user.country" value="CN"/>
    <property name="sun.java.launcher" value="SUN_STANDARD"/>
    <property name="sun.boot.library.path" value="C:\Program Files\Java\jdk1.8.0_121\jre\bin"/>
    <property name="sun.java.command" value="C:\Users\krt\AppData\Local\Temp\surefire3318906257313029061\surefirebooter1876942695284379245.jar C:\Users\krt\AppData\Local\Temp\surefire3318906257313029061 2019-07-16T11-24-35_000-jvmRun1 surefire8330543633807920777tmp surefire_02595789537784644842tmp"/>
    <property name="surefire.test.class.path" value="E:\GIT\My-Blog-master\target\test-classes;E:\GIT\My-Blog-master\target\classes;F:\MavenRep\org\springframework\boot\spring-boot-starter-thymeleaf\2.1.0.RELEASE\spring-boot-starter-thymeleaf-2.1.0.RELEASE.jar;F:\MavenRep\org\springframework\boot\spring-boot-starter\2.1.0.RELEASE\spring-boot-starter-2.1.0.RELEASE.jar;F:\MavenRep\org\springframework\boot\spring-boot\2.1.0.RELEASE\spring-boot-2.1.0.RELEASE.jar;F:\MavenRep\org\springframework\boot\spring-boot-autoconfigure\2.1.0.RELEASE\spring-boot-autoconfigure-2.1.0.RELEASE.jar;F:\MavenRep\org\springframework\boot\spring-boot-starter-logging\2.1.0.RELEASE\spring-boot-starter-logging-2.1.0.RELEASE.jar;F:\MavenRep\ch\qos\logback\logback-classic\1.2.3\logback-classic-1.2.3.jar;F:\MavenRep\ch\qos\logback\logback-core\1.2.3\logback-core-1.2.3.jar;F:\MavenRep\org\apache\logging\log4j\log4j-to-slf4j\2.11.1\log4j-to-slf4j-2.11.1.jar;F:\MavenRep\org\apache\logging\log4j\log4j-api\2.11.1\log4j-api-2.11.1.jar;F:\MavenRep\org\slf4j\jul-to-slf4j\1.7.25\jul-to-slf4j-1.7.25.jar;F:\MavenRep\javax\annotation\javax.annotation-api\1.3.2\javax.annotation-api-1.3.2.jar;F:\MavenRep\org\yaml\snakeyaml\1.23\snakeyaml-1.23.jar;F:\MavenRep\org\thymeleaf\thymeleaf-spring5\3.0.11.RELEASE\thymeleaf-spring5-3.0.11.RELEASE.jar;F:\MavenRep\org\thymeleaf\thymeleaf\3.0.11.RELEASE\thymeleaf-3.0.11.RELEASE.jar;F:\MavenRep\org\attoparser\attoparser\2.0.5.RELEASE\attoparser-2.0.5.RELEASE.jar;F:\MavenRep\org\unbescape\unbescape\1.1.6.RELEASE\unbescape-1.1.6.RELEASE.jar;F:\MavenRep\org\slf4j\slf4j-api\1.7.25\slf4j-api-1.7.25.jar;F:\MavenRep\org\thymeleaf\extras\thymeleaf-extras-java8time\3.0.1.RELEASE\thymeleaf-extras-java8time-3.0.1.RELEASE.jar;F:\MavenRep\org\springframework\boot\spring-boot-starter-web\2.1.0.RELEASE\spring-boot-starter-web-2.1.0.RELEASE.jar;F:\MavenRep\org\springframework\boot\spring-boot-starter-json\2.1.0.RELEASE\spring-boot-starter-json-2.1.0.RELEASE.jar;F:\MavenRep\com\fasterxml\jackson\core\jackson-databind\2.9.7\jackson-databind-2.9.7.jar;F:\MavenRep\com\fasterxml\jackson\core\jackson-annotations\2.9.0\jackson-annotations-2.9.0.jar;F:\MavenRep\com\fasterxml\jackson\core\jackson-core\2.9.7\jackson-core-2.9.7.jar;F:\MavenRep\com\fasterxml\jackson\datatype\jackson-datatype-jdk8\2.9.7\jackson-datatype-jdk8-2.9.7.jar;F:\MavenRep\com\fasterxml\jackson\datatype\jackson-datatype-jsr310\2.9.7\jackson-datatype-jsr310-2.9.7.jar;F:\MavenRep\com\fasterxml\jackson\module\jackson-module-parameter-names\2.9.7\jackson-module-parameter-names-2.9.7.jar;F:\MavenRep\org\springframework\boot\spring-boot-starter-tomcat\2.1.0.RELEASE\spring-boot-starter-tomcat-2.1.0.RELEASE.jar;F:\MavenRep\org\apache\tomcat\embed\tomcat-embed-core\9.0.12\tomcat-embed-core-9.0.12.jar;F:\MavenRep\org\apache\tomcat\embed\tomcat-embed-el\9.0.12\tomcat-embed-el-9.0.12.jar;F:\MavenRep\org\apache\tomcat\embed\tomcat-embed-websocket\9.0.12\tomcat-embed-websocket-9.0.12.jar;F:\MavenRep\org\hibernate\validator\hibernate-validator\6.0.13.Final\hibernate-validator-6.0.13.Final.jar;F:\MavenRep\javax\validation\validation-api\2.0.1.Final\validation-api-2.0.1.Final.jar;F:\MavenRep\org\jboss\logging\jboss-logging\3.3.2.Final\jboss-logging-3.3.2.Final.jar;F:\MavenRep\com\fasterxml\classmate\1.4.0\classmate-1.4.0.jar;F:\MavenRep\org\springframework\spring-web\5.1.2.RELEASE\spring-web-5.1.2.RELEASE.jar;F:\MavenRep\org\springframework\spring-beans\5.1.2.RELEASE\spring-beans-5.1.2.RELEASE.jar;F:\MavenRep\org\springframework\spring-webmvc\5.1.2.RELEASE\spring-webmvc-5.1.2.RELEASE.jar;F:\MavenRep\org\springframework\spring-aop\5.1.2.RELEASE\spring-aop-5.1.2.RELEASE.jar;F:\MavenRep\org\springframework\spring-context\5.1.2.RELEASE\spring-context-5.1.2.RELEASE.jar;F:\MavenRep\org\springframework\spring-expression\5.1.2.RELEASE\spring-expression-5.1.2.RELEASE.jar;F:\MavenRep\org\springframework\session\spring-session-core\2.1.1.RELEASE\spring-session-core-2.1.1.RELEASE.jar;F:\MavenRep\org\springframework\spring-jcl\5.1.2.RELEASE\spring-jcl-5.1.2.RELEASE.jar;F:\MavenRep\org\mybatis\spring\boot\mybatis-spring-boot-starter\1.3.2\mybatis-spring-boot-starter-1.3.2.jar;F:\MavenRep\org\springframework\boot\spring-boot-starter-jdbc\2.1.0.RELEASE\spring-boot-starter-jdbc-2.1.0.RELEASE.jar;F:\MavenRep\com\zaxxer\HikariCP\3.2.0\HikariCP-3.2.0.jar;F:\MavenRep\org\springframework\spring-jdbc\5.1.2.RELEASE\spring-jdbc-5.1.2.RELEASE.jar;F:\MavenRep\org\springframework\spring-tx\5.1.2.RELEASE\spring-tx-5.1.2.RELEASE.jar;F:\MavenRep\org\mybatis\spring\boot\mybatis-spring-boot-autoconfigure\1.3.2\mybatis-spring-boot-autoconfigure-1.3.2.jar;F:\MavenRep\org\mybatis\mybatis\3.4.6\mybatis-3.4.6.jar;F:\MavenRep\org\mybatis\mybatis-spring\1.3.2\mybatis-spring-1.3.2.jar;F:\MavenRep\com\github\penggle\kaptcha\2.3.2\kaptcha-2.3.2.jar;F:\MavenRep\javax\servlet\javax.servlet-api\4.0.1\javax.servlet-api-4.0.1.jar;F:\MavenRep\com\jhlabs\filters\2.0.235-1\filters-2.0.235-1.jar;F:\MavenRep\com\atlassian\commonmark\commonmark\0.8.0\commonmark-0.8.0.jar;F:\MavenRep\com\atlassian\commonmark\commonmark-ext-gfm-tables\0.8.0\commonmark-ext-gfm-tables-0.8.0.jar;F:\MavenRep\mysql\mysql-connector-java\8.0.13\mysql-connector-java-8.0.13.jar;F:\MavenRep\org\springframework\boot\spring-boot-starter-test\2.1.0.RELEASE\spring-boot-starter-test-2.1.0.RELEASE.jar;F:\MavenRep\org\springframework\boot\spring-boot-test\2.1.0.RELEASE\spring-boot-test-2.1.0.RELEASE.jar;F:\MavenRep\org\springframework\boot\spring-boot-test-autoconfigure\2.1.0.RELEASE\spring-boot-test-autoconfigure-2.1.0.RELEASE.jar;F:\MavenRep\com\jayway\jsonpath\json-path\2.4.0\json-path-2.4.0.jar;F:\MavenRep\net\minidev\json-smart\2.3\json-smart-2.3.jar;F:\MavenRep\net\minidev\accessors-smart\1.2\accessors-smart-1.2.jar;F:\MavenRep\org\ow2\asm\asm\5.0.4\asm-5.0.4.jar;F:\MavenRep\junit\junit\4.12\junit-4.12.jar;F:\MavenRep\org\assertj\assertj-core\3.11.1\assertj-core-3.11.1.jar;F:\MavenRep\org\mockito\mockito-core\2.23.0\mockito-core-2.23.0.jar;F:\MavenRep\net\bytebuddy\byte-buddy\1.9.3\byte-buddy-1.9.3.jar;F:\MavenRep\net\bytebuddy\byte-buddy-agent\1.9.3\byte-buddy-agent-1.9.3.jar;F:\MavenRep\org\objenesis\objenesis\2.6\objenesis-2.6.jar;F:\MavenRep\org\hamcrest\hamcrest-core\1.3\hamcrest-core-1.3.jar;F:\MavenRep\org\hamcrest\hamcrest-library\1.3\hamcrest-library-1.3.jar;F:\MavenRep\org\skyscreamer\jsonassert\1.5.0\jsonassert-1.5.0.jar;F:\MavenRep\com\vaadin\external\google\android-json\0.0.20131108.vaadin1\android-json-0.0.20131108.vaadin1.jar;F:\MavenRep\org\springframework\spring-core\5.1.2.RELEASE\spring-core-5.1.2.RELEASE.jar;F:\MavenRep\org\springframework\spring-test\5.1.2.RELEASE\spring-test-5.1.2.RELEASE.jar;F:\MavenRep\org\xmlunit\xmlunit-core\2.6.2\xmlunit-core-2.6.2.jar;F:\MavenRep\org\junit\jupiter\junit-jupiter-api\5.5.0\junit-jupiter-api-5.5.0.jar;F:\MavenRep\org\apiguardian\apiguardian-api\1.1.0\apiguardian-api-1.1.0.jar;F:\MavenRep\org\opentest4j\opentest4j\1.2.0\opentest4j-1.2.0.jar;F:\MavenRep\org\junit\platform\junit-platform-commons\1.3.1\junit-platform-commons-1.3.1.jar;"/>
    <property name="sun.cpu.endian" value="little"/>
    <property name="user.home" value="C:\Users\krt"/>
    <property name="user.language" value="zh"/>
    <property name="java.specification.vendor" value="Oracle Corporation"/>
    <property name="java.home" value="C:\Program Files\Java\jdk1.8.0_121\jre"/>
    <property name="basedir" value="E:\GIT\My-Blog-master"/>
    <property name="file.separator" value="\"/>
    <property name="line.separator" value="&#10;"/>
    <property name="java.vm.specification.vendor" value="Oracle Corporation"/>
    <property name="java.specification.name" value="Java Platform API Specification"/>
    <property name="java.awt.graphicsenv" value="sun.awt.Win32GraphicsEnvironment"/>
    <property name="surefire.real.class.path" value="C:\Users\krt\AppData\Local\Temp\surefire3318906257313029061\surefirebooter1876942695284379245.jar"/>
    <property name="sun.boot.class.path" value="C:\Program Files\Java\jdk1.8.0_121\jre\lib\resources.jar;C:\Program Files\Java\jdk1.8.0_121\jre\lib\rt.jar;C:\Program Files\Java\jdk1.8.0_121\jre\lib\sunrsasign.jar;C:\Program Files\Java\jdk1.8.0_121\jre\lib\jsse.jar;C:\Program Files\Java\jdk1.8.0_121\jre\lib\jce.jar;C:\Program Files\Java\jdk1.8.0_121\jre\lib\charsets.jar;C:\Program Files\Java\jdk1.8.0_121\jre\lib\jfr.jar;C:\Program Files\Java\jdk1.8.0_121\jre\classes"/>
    <property name="user.script" value=""/>
    <property name="sun.management.compiler" value="HotSpot 64-Bit Tiered Compilers"/>
    <property name="java.runtime.version" value="1.8.0_121-b13"/>
    <property name="user.name" value="krt"/>
    <property name="path.separator" value=";"/>
    <property name="os.version" value="10.0"/>
    <property name="java.endorsed.dirs" value="C:\Program Files\Java\jdk1.8.0_121\jre\lib\endorsed"/>
    <property name="java.runtime.name" value="Java(TM) SE Runtime Environment"/>
    <property name="file.encoding" value="GBK"/>
    <property name="java.vm.name" value="Java HotSpot(TM) 64-Bit Server VM"/>
    <property name="localRepository" value="F:\MavenRep"/>
    <property name="java.vendor.url.bug" value="http://bugreport.sun.com/bugreport/"/>
    <property name="java.io.tmpdir" value="C:\Users\krt\AppData\Local\Temp\"/>
    <property name="idea.version" value="2018.1.7"/>
    <property name="java.version" value="1.8.0_121"/>
    <property name="user.dir" value="E:\GIT\My-Blog-master"/>
    <property name="os.arch" value="amd64"/>
    <property name="java.vm.specification.name" value="Java Virtual Machine Specification"/>
    <property name="java.awt.printerjob" value="sun.awt.windows.WPrinterJob"/>
    <property name="sun.os.patch.level" value=""/>
    <property name="java.library.path" value="C:\Program Files\Java\jdk1.8.0_121\jre\bin;C:\Windows\Sun\Java\bin;C:\Windows\system32;C:\Windows;D:\xftp\;D:\Xshall6\;C:\Program Files\Java\jdk1.8.0_121\bin;C:\Program Files\Java\jdk1.8.0_121\jre\bin;C:\ProgramData\Oracle\Java\javapath;C:\Program Files (x86)\Common Files\Oracle\Java\javapath;C:\Windows\system32;C:\Windows;C:\Windows\System32\Wbem;F:\gradle-5.4\bin;C:\Windows\System32\WindowsPowerShell\v1.0\;C:\Windows\System32\OpenSSH\;D:\apache-tomcat-7.0.92\bin;C:\Program Files\TortoiseSVN\bin;F:\apache-maven-3.6.0\bin\;C:\Program Files (x86)\Microsoft SQL Server\80\Tools\Binn\;C:\Program Files\Microsoft SQL Server\90\DTS\Binn\;C:\Program Files\Microsoft SQL Server\90\Tools\binn\;C:\Program Files (x86)\Microsoft SQL Server\90\Tools\binn\;C:\Program Files (x86)\Microsoft SQL Server\90\DTS\Binn\;C:\Program Files (x86)\Microsoft SQL Server\90\Tools\Binn\VSShell\Common7\IDE\;C:\Program Files (x86)\Microsoft Visual Studio 8\Common7\IDE\PrivateAssemblies\;C:\Program Files\nodejs\;C:\Python27;C:\Users\krt\AppData\Local\Microsoft\WindowsApps;D:\GitHub\Git\bin;C:\Users\krt\AppData\Roaming\npm;D:\PyCharm\PyCharm Community Edition 2019.1.3\bin;;."/>
    <property name="java.vm.info" value="mixed mode"/>
    <property name="java.vendor" value="Oracle Corporation"/>
    <property name="java.vm.version" value="25.121-b13"/>
    <property name="java.ext.dirs" value="C:\Program Files\Java\jdk1.8.0_121\jre\lib\ext;C:\Windows\Sun\Java\lib\ext"/>
    <property name="sun.io.unicode.encoding" value="UnicodeLittle"/>
    <property name="java.class.version" value="52.0"/>
  </properties>
  <testcase name="contextLoads" classname="com.site.blog.my.core.MyBlogApplicationTests" time="0.216"/>
</testsuite>